<?xml version="1.0" encoding="UTF-8"?>
<coverage generated="1723321089249" clover="3.2.0">
  <project timestamp="1723321089249" name="All files">
    <metrics statements="69" coveredstatements="52" conditionals="15" coveredconditionals="11" methods="10" coveredmethods="7" elements="94" coveredelements="70" complexity="0" loc="69" ncloc="69" packages="5" files="6" classes="6"/>
    <package name="express-mongo-otp-auth-ts">
      <metrics statements="2" coveredstatements="2" conditionals="0" coveredconditionals="0" methods="1" coveredmethods="1"/>
      <file name="sum.js" path="C:\Users\utente\Desktop\express-mongodb\express-mongo-otp-auth-ts\sum.js">
        <metrics statements="2" coveredstatements="2" conditionals="0" coveredconditionals="0" methods="1" coveredmethods="1"/>
        <line num="2" count="1" type="stmt"/>
        <line num="4" count="1" type="stmt"/>
      </file>
    </package>
    <package name="express-mongo-otp-auth-ts.src.config">
      <metrics statements="8" coveredstatements="8" conditionals="1" coveredconditionals="1" methods="0" coveredmethods="0"/>
      <file name="config.ts" path="C:\Users\utente\Desktop\express-mongodb\express-mongo-otp-auth-ts\src\config\config.ts">
        <metrics statements="8" coveredstatements="8" conditionals="1" coveredconditionals="1" methods="0" coveredmethods="0"/>
        <line num="1" count="1" type="stmt"/>
        <line num="3" count="1" type="stmt"/>
        <line num="4" count="1" type="stmt"/>
        <line num="10" count="1" type="stmt"/>
        <line num="34" count="1" type="stmt"/>
        <line num="35" count="1" type="cond" truecount="1" falsecount="0"/>
        <line num="39" count="1" type="stmt"/>
        <line num="53" count="1" type="stmt"/>
      </file>
    </package>
    <package name="express-mongo-otp-auth-ts.src.constants">
      <metrics statements="1" coveredstatements="1" conditionals="0" coveredconditionals="0" methods="0" coveredmethods="0"/>
      <file name="userRoles.ts" path="C:\Users\utente\Desktop\express-mongodb\express-mongo-otp-auth-ts\src\constants\userRoles.ts">
        <metrics statements="1" coveredstatements="1" conditionals="0" coveredconditionals="0" methods="0" coveredmethods="0"/>
        <line num="1" count="3" type="stmt"/>
      </file>
    </package>
    <package name="express-mongo-otp-auth-ts.src.middleware">
      <metrics statements="33" coveredstatements="31" conditionals="14" coveredconditionals="10" methods="6" coveredmethods="6"/>
      <file name="rbac.middleware.ts" path="C:\Users\utente\Desktop\express-mongodb\express-mongo-otp-auth-ts\src\middleware\rbac.middleware.ts">
        <metrics statements="22" coveredstatements="21" conditionals="10" coveredconditionals="7" methods="2" coveredmethods="2"/>
        <line num="1" count="1" type="stmt"/>
        <line num="3" count="1" type="stmt"/>
        <line num="4" count="1" type="stmt"/>
        <line num="6" count="6" type="stmt"/>
        <line num="7" count="6" type="stmt"/>
        <line num="8" count="6" type="stmt"/>
        <line num="9" count="6" type="cond" truecount="0" falsecount="1"/>
        <line num="11" count="6" type="stmt"/>
        <line num="12" count="6" type="cond" truecount="1" falsecount="0"/>
        <line num="14" count="5" type="stmt"/>
        <line num="15" count="5" type="cond" truecount="3" falsecount="0"/>
        <line num="16" count="1" type="stmt"/>
        <line num="18" count="4" type="stmt"/>
        <line num="19" count="4" type="cond" truecount="0" falsecount="1"/>
        <line num="21" count="4" type="stmt"/>
        <line num="22" count="3" type="cond" truecount="1" falsecount="0"/>
        <line num="24" count="2" type="cond" truecount="1" falsecount="0"/>
        <line num="26" count="1" type="stmt"/>
        <line num="28" count="1" type="stmt"/>
        <line num="30" count="1" type="cond" truecount="1" falsecount="1"/>
        <line num="31" count="0" type="stmt"/>
        <line num="35" count="1" type="stmt"/>
      </file>
      <file name="validate.middleware .ts" path="C:\Users\utente\Desktop\express-mongodb\express-mongo-otp-auth-ts\src\middleware\validate.middleware .ts">
        <metrics statements="11" coveredstatements="10" conditionals="4" coveredconditionals="3" methods="4" coveredmethods="4"/>
        <line num="1" count="1" type="stmt"/>
        <line num="3" count="1" type="stmt"/>
        <line num="5" count="3" type="stmt"/>
        <line num="7" count="3" type="stmt"/>
        <line num="8" count="3" type="stmt"/>
        <line num="9" count="1" type="stmt"/>
        <line num="11" count="2" type="stmt"/>
        <line num="13" count="2" type="cond" truecount="2" falsecount="0"/>
        <line num="14" count="1" type="cond" truecount="1" falsecount="1"/>
        <line num="15" count="0" type="stmt"/>
        <line num="19" count="1" type="stmt"/>
      </file>
    </package>
    <package name="express-mongo-otp-auth-ts.src.models">
      <metrics statements="25" coveredstatements="10" conditionals="0" coveredconditionals="0" methods="3" coveredmethods="0"/>
      <file name="user.model.ts" path="C:\Users\utente\Desktop\express-mongodb\express-mongo-otp-auth-ts\src\models\user.model.ts">
        <metrics statements="25" coveredstatements="10" conditionals="0" coveredconditionals="0" methods="3" coveredmethods="0"/>
        <line num="1" count="1" type="stmt"/>
        <line num="3" count="1" type="stmt"/>
        <line num="4" count="1" type="stmt"/>
        <line num="5" count="1" type="stmt"/>
        <line num="7" count="1" type="stmt"/>
        <line num="46" count="1" type="stmt"/>
        <line num="47" count="0" type="stmt"/>
        <line num="52" count="0" type="stmt"/>
        <line num="53" count="0" type="stmt"/>
        <line num="54" count="0" type="stmt"/>
        <line num="55" count="0" type="stmt"/>
        <line num="57" count="0" type="stmt"/>
        <line num="58" count="0" type="stmt"/>
        <line num="62" count="1" type="stmt"/>
        <line num="63" count="0" type="stmt"/>
        <line num="64" count="0" type="stmt"/>
        <line num="65" count="0" type="stmt"/>
        <line num="67" count="0" type="stmt"/>
        <line num="71" count="1" type="stmt"/>
        <line num="72" count="0" type="stmt"/>
        <line num="74" count="0" type="stmt"/>
        <line num="75" count="0" type="stmt"/>
        <line num="77" count="0" type="stmt"/>
        <line num="81" count="1" type="stmt"/>
        <line num="83" count="1" type="stmt"/>
      </file>
    </package>
  </project>
</coverage>
