{"C:\\Users\\utente\\Desktop\\express-mongodb\\express-mongo-otp-auth-ts\\sum.js": {"path":"C:\\Users\\utente\\Desktop\\express-mongodb\\express-mongo-otp-auth-ts\\sum.js","statementMap":{"0":{"start":{"line":2,"column":4},"end":{"line":2,"column":17}},"1":{"start":{"line":4,"column":0},"end":{"line":4,"column":21}}},"fnMap":{"0":{"name":"sum","decl":{"start":{"line":1,"column":9},"end":{"line":1,"column":12}},"loc":{"start":{"line":1,"column":19},"end":{"line":3,"column":1}},"line":1}},"branchMap":{},"s":{"0":1,"1":1},"f":{"0":1},"b":{},"inputSourceMap":null,"_coverageSchema":"1a1c01bbd47fc00a2c39e90264f33305004495a9","hash":"cd4dde0fe6f4e631df10d9a3df0851f93be2f689"}
,"C:\\Users\\utente\\Desktop\\express-mongodb\\express-mongo-otp-auth-ts\\src\\config\\config.ts": {"path":"C:\\Users\\utente\\Desktop\\express-mongodb\\express-mongo-otp-auth-ts\\src\\config\\config.ts","statementMap":{"0":{"start":{"line":1,"column":0},"end":{"line":1,"column":22}},"1":{"start":{"line":3,"column":0},"end":{"line":3,"column":48}},"2":{"start":{"line":4,"column":0},"end":{"line":6,"column":3}},"3":{"start":{"line":10,"column":22},"end":{"line":32,"column":15}},"4":{"start":{"line":34,"column":34},"end":{"line":34,"column":69}},"5":{"start":{"line":35,"column":0},"end":{"line":37,"column":1}},"6":{"start":{"line":39,"column":15},"end":{"line":51,"column":2}},"7":{"start":{"line":53,"column":0},"end":{"line":53,"column":22}}},"fnMap":{},"branchMap":{"0":{"loc":{"start":{"line":35,"column":0},"end":{"line":37,"column":1}},"type":"if","locations":[{"start":{"line":35,"column":0},"end":{"line":37,"column":1}}]}},"s":{"0":1,"1":1,"2":1,"3":1,"4":1,"5":1,"6":1,"7":1},"f":{},"b":{"0":[1]}}
,"C:\\Users\\utente\\Desktop\\express-mongodb\\express-mongo-otp-auth-ts\\src\\constants\\userRoles.ts": {"path":"C:\\Users\\utente\\Desktop\\express-mongodb\\express-mongo-otp-auth-ts\\src\\constants\\userRoles.ts","statementMap":{"0":{"start":{"line":1,"column":13},"end":{"line":5,"column":11}}},"fnMap":{},"branchMap":{},"s":{"0":3},"f":{},"b":{}}
,"C:\\Users\\utente\\Desktop\\express-mongodb\\express-mongo-otp-auth-ts\\src\\middleware\\rbac.middleware.ts": {"path":"C:\\Users\\utente\\Desktop\\express-mongodb\\express-mongo-otp-auth-ts\\src\\middleware\\rbac.middleware.ts","statementMap":{"0":{"start":{"line":1,"column":0},"end":{"line":1,"column":33}},"1":{"start":{"line":3,"column":0},"end":{"line":3,"column":40}},"2":{"start":{"line":4,"column":0},"end":{"line":4,"column":50}},"3":{"start":{"line":6,"column":22},"end":{"line":33,"column":null}},"4":{"start":{"line":6,"column":80},"end":{"line":33,"column":null}},"5":{"start":{"line":7,"column":4},"end":{"line":32,"column":5}},"6":{"start":{"line":8,"column":24},"end":{"line":8,"column":35}},"7":{"start":{"line":9,"column":8},"end":{"line":9,"column":98}},"8":{"start":{"line":9,"column":22},"end":{"line":9,"column":98}},"9":{"start":{"line":11,"column":27},"end":{"line":11,"column":52}},"10":{"start":{"line":12,"column":8},"end":{"line":12,"column":115}},"11":{"start":{"line":12,"column":25},"end":{"line":12,"column":115}},"12":{"start":{"line":14,"column":27},"end":{"line":14,"column":48}},"13":{"start":{"line":15,"column":8},"end":{"line":16,"column":141}},"14":{"start":{"line":16,"column":12},"end":{"line":16,"column":141}},"15":{"start":{"line":18,"column":22},"end":{"line":18,"column":35}},"16":{"start":{"line":19,"column":8},"end":{"line":19,"column":96}},"17":{"start":{"line":19,"column":20},"end":{"line":19,"column":96}},"18":{"start":{"line":21,"column":21},"end":{"line":21,"column":50}},"19":{"start":{"line":22,"column":8},"end":{"line":22,"column":97}},"20":{"start":{"line":22,"column":19},"end":{"line":22,"column":97}},"21":{"start":{"line":24,"column":8},"end":{"line":24,"column":113}},"22":{"start":{"line":24,"column":42},"end":{"line":24,"column":113}},"23":{"start":{"line":26,"column":8},"end":{"line":26,"column":15}},"24":{"start":{"line":28,"column":8},"end":{"line":28,"column":29}},"25":{"start":{"line":30,"column":8},"end":{"line":31,"column":105}},"26":{"start":{"line":30,"column":36},"end":{"line":30,"column":117}},"27":{"start":{"line":31,"column":13},"end":{"line":31,"column":105}},"28":{"start":{"line":35,"column":0},"end":{"line":35,"column":29}}},"fnMap":{"0":{"name":"(anonymous_8)","decl":{"start":{"line":6,"column":22},"end":{"line":6,"column":29}},"loc":{"start":{"line":6,"column":80},"end":{"line":33,"column":null}}},"1":{"name":"(anonymous_9)","decl":{"start":{"line":6,"column":80},"end":{"line":6,"column":null}},"loc":{"start":{"line":6,"column":80},"end":{"line":33,"column":1}}}},"branchMap":{"0":{"loc":{"start":{"line":9,"column":8},"end":{"line":9,"column":98}},"type":"if","locations":[{"start":{"line":9,"column":8},"end":{"line":9,"column":98}}]},"1":{"loc":{"start":{"line":12,"column":8},"end":{"line":12,"column":115}},"type":"if","locations":[{"start":{"line":12,"column":8},"end":{"line":12,"column":115}}]},"2":{"loc":{"start":{"line":15,"column":8},"end":{"line":16,"column":141}},"type":"if","locations":[{"start":{"line":15,"column":8},"end":{"line":16,"column":141}}]},"3":{"loc":{"start":{"line":15,"column":12},"end":{"line":15,"column":65}},"type":"binary-expr","locations":[{"start":{"line":15,"column":12},"end":{"line":15,"column":35}},{"start":{"line":15,"column":39},"end":{"line":15,"column":65}}]},"4":{"loc":{"start":{"line":19,"column":8},"end":{"line":19,"column":96}},"type":"if","locations":[{"start":{"line":19,"column":8},"end":{"line":19,"column":96}}]},"5":{"loc":{"start":{"line":22,"column":8},"end":{"line":22,"column":97}},"type":"if","locations":[{"start":{"line":22,"column":8},"end":{"line":22,"column":97}}]},"6":{"loc":{"start":{"line":24,"column":8},"end":{"line":24,"column":113}},"type":"if","locations":[{"start":{"line":24,"column":8},"end":{"line":24,"column":113}}]},"7":{"loc":{"start":{"line":30,"column":8},"end":{"line":31,"column":105}},"type":"if","locations":[{"start":{"line":30,"column":8},"end":{"line":31,"column":105}},{"start":{"line":31,"column":13},"end":{"line":31,"column":105}}]}},"s":{"0":1,"1":1,"2":1,"3":1,"4":6,"5":6,"6":6,"7":6,"8":0,"9":6,"10":6,"11":1,"12":5,"13":5,"14":1,"15":4,"16":4,"17":0,"18":4,"19":3,"20":1,"21":2,"22":1,"23":1,"24":1,"25":1,"26":1,"27":0,"28":1},"f":{"0":6,"1":6},"b":{"0":[0],"1":[1],"2":[1],"3":[5,4],"4":[0],"5":[1],"6":[1],"7":[1,0]}}
,"C:\\Users\\utente\\Desktop\\express-mongodb\\express-mongo-otp-auth-ts\\src\\middleware\\validate.middleware .ts": {"path":"C:\\Users\\utente\\Desktop\\express-mongodb\\express-mongo-otp-auth-ts\\src\\middleware\\validate.middleware .ts","statementMap":{"0":{"start":{"line":1,"column":0},"end":{"line":1,"column":33}},"1":{"start":{"line":3,"column":0},"end":{"line":3,"column":46}},"2":{"start":{"line":5,"column":24},"end":{"line":17,"column":null}},"3":{"start":{"line":5,"column":44},"end":{"line":17,"column":null}},"4":{"start":{"line":5,"column":102},"end":{"line":17,"column":null}},"5":{"start":{"line":7,"column":4},"end":{"line":16,"column":5}},"6":{"start":{"line":8,"column":8},"end":{"line":8,"column":45}},"7":{"start":{"line":9,"column":8},"end":{"line":9,"column":15}},"8":{"start":{"line":11,"column":8},"end":{"line":11,"column":29}},"9":{"start":{"line":13,"column":8},"end":{"line":15,"column":98}},"10":{"start":{"line":13,"column":46},"end":{"line":13,"column":140}},"11":{"start":{"line":13,"column":121},"end":{"line":13,"column":135}},"12":{"start":{"line":14,"column":13},"end":{"line":15,"column":98}},"13":{"start":{"line":14,"column":41},"end":{"line":14,"column":115}},"14":{"start":{"line":15,"column":13},"end":{"line":15,"column":98}},"15":{"start":{"line":19,"column":0},"end":{"line":19,"column":31}}},"fnMap":{"0":{"name":"(anonymous_8)","decl":{"start":{"line":5,"column":24},"end":{"line":5,"column":25}},"loc":{"start":{"line":5,"column":44},"end":{"line":17,"column":null}}},"1":{"name":"(anonymous_9)","decl":{"start":{"line":5,"column":44},"end":{"line":5,"column":51}},"loc":{"start":{"line":5,"column":102},"end":{"line":17,"column":null}}},"2":{"name":"(anonymous_10)","decl":{"start":{"line":5,"column":102},"end":{"line":5,"column":null}},"loc":{"start":{"line":5,"column":102},"end":{"line":17,"column":1}}},"3":{"name":"(anonymous_11)","decl":{"start":{"line":13,"column":111},"end":{"line":13,"column":117}},"loc":{"start":{"line":13,"column":121},"end":{"line":13,"column":135}}}},"branchMap":{"0":{"loc":{"start":{"line":13,"column":8},"end":{"line":15,"column":98}},"type":"if","locations":[{"start":{"line":13,"column":8},"end":{"line":15,"column":98}},{"start":{"line":14,"column":13},"end":{"line":15,"column":98}}]},"1":{"loc":{"start":{"line":14,"column":13},"end":{"line":15,"column":98}},"type":"if","locations":[{"start":{"line":14,"column":13},"end":{"line":15,"column":98}},{"start":{"line":15,"column":13},"end":{"line":15,"column":98}}]}},"s":{"0":1,"1":1,"2":1,"3":2,"4":3,"5":3,"6":3,"7":1,"8":2,"9":2,"10":1,"11":1,"12":1,"13":1,"14":0,"15":1},"f":{"0":2,"1":3,"2":3,"3":1},"b":{"0":[1,1],"1":[1,0]}}
,"C:\\Users\\utente\\Desktop\\express-mongodb\\express-mongo-otp-auth-ts\\src\\models\\user.model.ts": {"path":"C:\\Users\\utente\\Desktop\\express-mongodb\\express-mongo-otp-auth-ts\\src\\models\\user.model.ts","statementMap":{"0":{"start":{"line":1,"column":0},"end":{"line":1,"column":50}},"1":{"start":{"line":3,"column":0},"end":{"line":3,"column":41}},"2":{"start":{"line":4,"column":0},"end":{"line":4,"column":31}},"3":{"start":{"line":5,"column":0},"end":{"line":5,"column":38}},"4":{"start":{"line":7,"column":18},"end":{"line":44,"column":2}},"5":{"start":{"line":46,"column":0},"end":{"line":60,"column":null}},"6":{"start":{"line":47,"column":4},"end":{"line":59,"column":5}},"7":{"start":{"line":52,"column":22},"end":{"line":52,"column":91}},"8":{"start":{"line":53,"column":8},"end":{"line":53,"column":27}},"9":{"start":{"line":54,"column":8},"end":{"line":54,"column":26}},"10":{"start":{"line":55,"column":8},"end":{"line":55,"column":21}},"11":{"start":{"line":57,"column":8},"end":{"line":57,"column":29}},"12":{"start":{"line":58,"column":8},"end":{"line":58,"column":18}},"13":{"start":{"line":62,"column":0},"end":{"line":69,"column":null}},"14":{"start":{"line":63,"column":4},"end":{"line":68,"column":5}},"15":{"start":{"line":64,"column":8},"end":{"line":64,"column":24}},"16":{"start":{"line":65,"column":8},"end":{"line":65,"column":26}},"17":{"start":{"line":67,"column":8},"end":{"line":67,"column":29}},"18":{"start":{"line":71,"column":0},"end":{"line":79,"column":null}},"19":{"start":{"line":72,"column":4},"end":{"line":78,"column":5}},"20":{"start":{"line":74,"column":44},"end":{"line":74,"column":59}},"21":{"start":{"line":74,"column":24},"end":{"line":74,"column":29}},"22":{"start":{"line":74,"column":39},"end":{"line":74,"column":44}},"23":{"start":{"line":75,"column":8},"end":{"line":75,"column":26}},"24":{"start":{"line":77,"column":8},"end":{"line":77,"column":20}},"25":{"start":{"line":81,"column":13},"end":{"line":81,"column":69}},"26":{"start":{"line":83,"column":0},"end":{"line":83,"column":20}}},"fnMap":{"0":{"name":"(anonymous_9)","decl":{"start":{"line":46,"column":34},"end":{"line":46,"column":null}},"loc":{"start":{"line":46,"column":34},"end":{"line":60,"column":null}}},"1":{"name":"(anonymous_11)","decl":{"start":{"line":62,"column":32},"end":{"line":62,"column":null}},"loc":{"start":{"line":62,"column":32},"end":{"line":69,"column":null}}},"2":{"name":"(anonymous_13)","decl":{"start":{"line":71,"column":27},"end":{"line":71,"column":null}},"loc":{"start":{"line":71,"column":27},"end":{"line":79,"column":1}}}},"branchMap":{},"s":{"0":1,"1":1,"2":1,"3":1,"4":1,"5":1,"6":0,"7":0,"8":0,"9":0,"10":0,"11":0,"12":0,"13":1,"14":0,"15":0,"16":0,"17":0,"18":1,"19":0,"20":0,"21":0,"22":0,"23":0,"24":0,"25":1,"26":1},"f":{"0":0,"1":0,"2":0},"b":{}}
}
