TN:
SF:sum.js
FN:1,sum
FNF:1
FNH:1
FNDA:1,sum
DA:2,1
DA:4,1
LF:2
LH:2
BRF:0
BRH:0
end_of_record
TN:
SF:src\config\config.ts
FNF:0
FNH:0
DA:1,1
DA:3,1
DA:4,1
DA:10,1
DA:34,1
DA:35,1
DA:39,1
DA:53,1
LF:8
LH:8
BRDA:35,0,0,1
BRF:1
BRH:1
end_of_record
TN:
SF:src\constants\userRoles.ts
FNF:0
FNH:0
DA:1,3
LF:1
LH:1
BRF:0
BRH:0
end_of_record
TN:
SF:src\middleware\rbac.middleware.ts
FN:6,(anonymous_8)
FN:6,(anonymous_9)
FNF:2
FNH:2
FNDA:6,(anonymous_8)
FNDA:6,(anonymous_9)
DA:1,1
DA:3,1
DA:4,1
DA:6,6
DA:7,6
DA:8,6
DA:9,6
DA:11,6
DA:12,6
DA:14,5
DA:15,5
DA:16,1
DA:18,4
DA:19,4
DA:21,4
DA:22,3
DA:24,2
DA:26,1
DA:28,1
DA:30,1
DA:31,0
DA:35,1
LF:22
LH:21
BRDA:9,0,0,0
BRDA:12,1,0,1
BRDA:15,2,0,1
BRDA:15,3,0,5
BRDA:15,3,1,4
BRDA:19,4,0,0
BRDA:22,5,0,1
BRDA:24,6,0,1
BRDA:30,7,0,1
BRDA:30,7,1,0
BRF:10
BRH:7
end_of_record
TN:
SF:src\middleware\validate.middleware .ts
FN:5,(anonymous_8)
FN:5,(anonymous_9)
FN:5,(anonymous_10)
FN:13,(anonymous_11)
FNF:4
FNH:4
FNDA:2,(anonymous_8)
FNDA:3,(anonymous_9)
FNDA:3,(anonymous_10)
FNDA:1,(anonymous_11)
DA:1,1
DA:3,1
DA:5,3
DA:7,3
DA:8,3
DA:9,1
DA:11,2
DA:13,2
DA:14,1
DA:15,0
DA:19,1
LF:11
LH:10
BRDA:13,0,0,1
BRDA:13,0,1,1
BRDA:14,1,0,1
BRDA:14,1,1,0
BRF:4
BRH:3
end_of_record
TN:
SF:src\models\user.model.ts
FN:46,(anonymous_9)
FN:62,(anonymous_11)
FN:71,(anonymous_13)
FNF:3
FNH:0
FNDA:0,(anonymous_9)
FNDA:0,(anonymous_11)
FNDA:0,(anonymous_13)
DA:1,1
DA:3,1
DA:4,1
DA:5,1
DA:7,1
DA:46,1
DA:47,0
DA:52,0
DA:53,0
DA:54,0
DA:55,0
DA:57,0
DA:58,0
DA:62,1
DA:63,0
DA:64,0
DA:65,0
DA:67,0
DA:71,1
DA:72,0
DA:74,0
DA:75,0
DA:77,0
DA:81,1
DA:83,1
LF:25
LH:10
BRF:0
BRH:0
end_of_record
